Build started 1/11/2013 4:13:30 PM.
     1>Project "I:\Info\cst260\lab4\lab4\lab4.vcxproj" on node 2 (build target(s)).
     1>InitializeBuildStatus:
         Creating "Debug\lab4.unsuccessfulbuild" because "AlwaysCreate" was specified.
       ClCompile:
         All outputs are up-to-date.
       ManifestResourceCompile:
         All outputs are up-to-date.
       Link:
         I:\Program Files\Microsoft Visual Studio 10.0\VC\bin\link.exe /ERRORREPORT:PROMPT /OUT:"Debug\lab4.exe" /INCREMENTAL /NOLOGO kernel32.lib user32.lib gdi32.lib winspool.lib comdlg32.lib advapi32.lib shell32.lib ole32.lib oleaut32.lib uuid.lib odbc32.lib odbccp32.lib /MANIFEST /ManifestFile:"Debug\lab4.exe.intermediate.manifest" /MANIFESTUAC:"level='asInvoker' uiAccess='false'" /DEBUG /PDB:"I:\Info\cst260\lab4\lab4\Debug\lab4.pdb" /SUBSYSTEM:CONSOLE /TLBID:1 /DYNAMICBASE:NO /IMPLIB:"Debug\lab4.lib" /MACHINE:X86 Debug\lab4.exe.embed.manifest.res
         Debug\bst.obj
         Debug\data.obj
         Debug\lab4driver.obj
       Manifest:
         C:\Program Files\Microsoft SDKs\Windows\v7.0A\bin\mt.exe /nologo /verbose /out:"Debug\lab4.exe.embed.manifest" /manifest Debug\lab4.exe.intermediate.manifest
         All outputs are up-to-date.
       LinkEmbedManifest:
         All outputs are up-to-date.
         lab4.vcxproj -> I:\Info\cst260\lab4\lab4\Debug\lab4.exe
       FinalizeBuildStatus:
         Deleting file "Debug\lab4.unsuccessfulbuild".
         Touching "Debug\lab4.lastbuildstate".
     1>Done Building Project "I:\Info\cst260\lab4\lab4\lab4.vcxproj" (build target(s)).

Build succeeded.

Time Elapsed 00:00:02.85
