Debug\lab4.ilk
Debug\lab4.pdb
I:\INFO\CST260\LAB4\LAB4\DEBUG\BST.OBJ
I:\Info\cst260\lab4\lab4\Debug\cl.command.1.tlog
I:\Info\cst260\lab4\lab4\Debug\CL.read.1.tlog
I:\Info\cst260\lab4\lab4\Debug\CL.write.1.tlog
I:\INFO\CST260\LAB4\LAB4\DEBUG\DATA.OBJ
I:\INFO\CST260\LAB4\LAB4\DEBUG\LAB4.EXE
I:\INFO\CST260\LAB4\LAB4\DEBUG\LAB4.EXE.EMBED.MANIFEST
I:\INFO\CST260\LAB4\LAB4\DEBUG\LAB4.EXE.EMBED.MANIFEST.RES
I:\INFO\CST260\LAB4\LAB4\DEBUG\LAB4.EXE.INTERMEDIATE.MANIFEST
I:\INFO\CST260\LAB4\LAB4\DEBUG\LAB4.ILK
I:\INFO\CST260\LAB4\LAB4\DEBUG\LAB4.PDB
I:\Info\cst260\lab4\lab4\Debug\lab4_manifest.rc
I:\INFO\CST260\LAB4\LAB4\DEBUG\LAB4DRIVER.OBJ
I:\Info\cst260\lab4\lab4\Debug\link.2756.read.1.tlog
I:\Info\cst260\lab4\lab4\Debug\link.2756.write.1.tlog
I:\Info\cst260\lab4\lab4\Debug\link.2756-cvtres.read.1.tlog
I:\Info\cst260\lab4\lab4\Debug\link.2756-cvtres.write.1.tlog
I:\Info\cst260\lab4\lab4\Debug\link.6260.read.1.tlog
I:\Info\cst260\lab4\lab4\Debug\link.6260.write.1.tlog
I:\Info\cst260\lab4\lab4\Debug\link.6260-cvtres.read.1.tlog
I:\Info\cst260\lab4\lab4\Debug\link.6260-cvtres.write.1.tlog
I:\Info\cst260\lab4\lab4\Debug\link.6456.read.1.tlog
I:\Info\cst260\lab4\lab4\Debug\link.6456.write.1.tlog
I:\Info\cst260\lab4\lab4\Debug\link.6456-cvtres.read.1.tlog
I:\Info\cst260\lab4\lab4\Debug\link.6456-cvtres.write.1.tlog
I:\Info\cst260\lab4\lab4\Debug\link.6724.read.1.tlog
I:\Info\cst260\lab4\lab4\Debug\link.6724.write.1.tlog
I:\Info\cst260\lab4\lab4\Debug\link.6724-cvtres.read.1.tlog
I:\Info\cst260\lab4\lab4\Debug\link.6724-cvtres.write.1.tlog
I:\Info\cst260\lab4\lab4\Debug\link.6896.read.1.tlog
I:\Info\cst260\lab4\lab4\Debug\link.6896.write.1.tlog
I:\Info\cst260\lab4\lab4\Debug\link.6896-cvtres.read.1.tlog
I:\Info\cst260\lab4\lab4\Debug\link.6896-cvtres.write.1.tlog
I:\Info\cst260\lab4\lab4\Debug\link.command.1.tlog
I:\Info\cst260\lab4\lab4\Debug\link.read.1.tlog
I:\Info\cst260\lab4\lab4\Debug\link.write.1.tlog
I:\Info\cst260\lab4\lab4\Debug\link-cvtres.read.1.tlog
I:\Info\cst260\lab4\lab4\Debug\link-cvtres.write.1.tlog
I:\Info\cst260\lab4\lab4\Debug\mt.command.1.tlog
I:\Info\cst260\lab4\lab4\Debug\mt.read.1.tlog
I:\Info\cst260\lab4\lab4\Debug\mt.write.1.tlog
I:\Info\cst260\lab4\lab4\Debug\rc.command.1.tlog
I:\Info\cst260\lab4\lab4\Debug\rc.read.1.tlog
I:\Info\cst260\lab4\lab4\Debug\rc.write.1.tlog
I:\Info\cst260\lab4\lab4\Debug\vc100.idb
I:\INFO\CST260\LAB4\LAB4\DEBUG\VC100.PDB
